Library/Bee/Android/Prj/Mono2x/Gradle/unityLibrary/build/intermediates/manifest_merge_blame_file/release/manifest-merger-blame-release-report.txt
1<?xml version="1.0" encoding="utf-8"?>
2<manifest xmlns:android="http://schemas.android.com/apk/res/android"
3    xmlns:tools="http://schemas.android.com/tools"
4    package="com.unity3d.player"
5    android:versionCode="1"
6    android:versionName="1.0" >
7
8    <uses-sdk
9        android:minSdkVersion="22"
9-->src\main\AndroidManifest.xml
10        android:targetSdkVersion="30" />
10-->src\main\AndroidManifest.xml
11
12    <uses-feature android:name="android.hardware.vulkan.version" />
12-->src\main\AndroidManifest.xml:19:3-66
12-->src\main\AndroidManifest.xml:19:17-63
13    <uses-feature
13-->src\main\AndroidManifest.xml:20:3-88
14        android:name="android.hardware.touchscreen"
14-->src\main\AndroidManifest.xml:20:17-60
15        android:required="false" />
15-->src\main\AndroidManifest.xml:20:61-85
16    <uses-feature
16-->src\main\AndroidManifest.xml:21:3-99
17        android:name="android.hardware.touchscreen.multitouch"
17-->src\main\AndroidManifest.xml:21:17-71
18        android:required="false" />
18-->src\main\AndroidManifest.xml:21:72-96
19    <uses-feature
19-->src\main\AndroidManifest.xml:22:3-108
20        android:name="android.hardware.touchscreen.multitouch.distinct"
20-->src\main\AndroidManifest.xml:22:17-80
21        android:required="false" />
21-->src\main\AndroidManifest.xml:22:81-105
22
23    <application android:extractNativeLibs="true" >
23-->src\main\AndroidManifest.xml:3:3-18:17
23-->src\main\AndroidManifest.xml:3:16-48
24        <activity
24-->src\main\AndroidManifest.xml:4:5-11:16
25            android:name="com.unity3d.player.UnityPlayerActivity"
25-->src\main\AndroidManifest.xml:4:15-68
26            android:configChanges="mcc|mnc|locale|touchscreen|keyboard|keyboardHidden|navigation|orientation|screenLayout|uiMode|screenSize|smallestScreenSize|fontScale|layoutDirection|density"
26-->src\main\AndroidManifest.xml:4:181-362
27            android:hardwareAccelerated="false"
27-->src\main\AndroidManifest.xml:4:398-433
28            android:launchMode="singleTask"
28-->src\main\AndroidManifest.xml:4:149-180
29            android:resizeableActivity="false"
29-->src\main\AndroidManifest.xml:4:363-397
30            android:screenOrientation="landscape"
30-->src\main\AndroidManifest.xml:4:111-148
31            android:theme="@style/UnityThemeSelector" >
31-->src\main\AndroidManifest.xml:4:69-110
32            <intent-filter>
32-->src\main\AndroidManifest.xml:5:7-8:23
33                <action android:name="android.intent.action.MAIN" />
33-->src\main\AndroidManifest.xml:6:9-61
33-->src\main\AndroidManifest.xml:6:17-58
34
35                <category android:name="android.intent.category.LAUNCHER" />
35-->src\main\AndroidManifest.xml:7:9-69
35-->src\main\AndroidManifest.xml:7:19-66
36            </intent-filter>
37
38            <meta-data
38-->src\main\AndroidManifest.xml:9:7-82
39                android:name="unityplayer.UnityActivity"
39-->src\main\AndroidManifest.xml:9:18-58
40                android:value="true" />
40-->src\main\AndroidManifest.xml:9:59-79
41            <meta-data
41-->src\main\AndroidManifest.xml:10:7-78
42                android:name="android.notch_support"
42-->src\main\AndroidManifest.xml:10:18-54
43                android:value="true" />
43-->src\main\AndroidManifest.xml:10:55-75
44        </activity>
45
46        <meta-data
46-->src\main\AndroidManifest.xml:12:5-69
47            android:name="unity.splash-mode"
47-->src\main\AndroidManifest.xml:12:16-48
48            android:value="0" />
48-->src\main\AndroidManifest.xml:12:49-66
49        <meta-data
49-->src\main\AndroidManifest.xml:13:5-74
50            android:name="unity.splash-enable"
50-->src\main\AndroidManifest.xml:13:16-50
51            android:value="True" />
51-->src\main\AndroidManifest.xml:13:51-71
52        <meta-data
52-->src\main\AndroidManifest.xml:14:5-78
53            android:name="unity.launch-fullscreen"
53-->src\main\AndroidManifest.xml:14:16-54
54            android:value="True" />
54-->src\main\AndroidManifest.xml:14:55-75
55        <meta-data
55-->src\main\AndroidManifest.xml:15:5-84
56            android:name="unity.allow-resizable-window"
56-->src\main\AndroidManifest.xml:15:16-59
57            android:value="False" />
57-->src\main\AndroidManifest.xml:15:60-81
58        <meta-data
58-->src\main\AndroidManifest.xml:16:5-81
59            android:name="notch.config"
59-->src\main\AndroidManifest.xml:16:16-43
60            android:value="portrait|landscape" />
60-->src\main\AndroidManifest.xml:16:44-78
61        <meta-data
61-->src\main\AndroidManifest.xml:17:5-84
62            android:name="unity.auto-report-fully-drawn"
62-->src\main\AndroidManifest.xml:17:16-60
63            android:value="true" />
63-->src\main\AndroidManifest.xml:17:61-81
64    </application>
65
66</manifest>